<?xml version="1.0" encoding="UTF-8"?>
<!-- Generated by org.testng.reporters.JUnitReportReporter -->
<testsuite skipped="0" hostname="LAPTOP-36B4VAO2" name="test.TestNG_Demo" tests="1" failures="0" timestamp="28 Feb 2019 20:39:52 GMT" time="3.217" errors="0">
  <testcase name="googleSearch" time="3.217" classname="test.TestNG_Demo"/>
</testsuite> <!-- test.TestNG_Demo -->
