<?xml version="1.0" encoding="UTF-8"?>
<!-- Generated by org.testng.reporters.JUnitReportReporter -->
<testsuite skipped="0" hostname="LAPTOP-36B4VAO2" name="test.TestNG_Demo2" tests="1" failures="0" timestamp="28 Feb 2019 20:39:52 GMT" time="3.521" errors="0">
  <testcase name="googleSearch3" time="3.521" classname="test.TestNG_Demo2"/>
</testsuite> <!-- test.TestNG_Demo2 -->
