<?xml version="1.0" encoding="UTF-8"?>
<!-- Generated by org.testng.reporters.JUnitReportReporter -->
<testsuite skipped="0" hostname="LAPTOP-36B4VAO2" name="test.ExtendReportsDemoWithTestNG" tests="2" failures="0" timestamp="27 Feb 2019 16:21:08 GMT" time="1.234" errors="0">
  <testcase name="test1" time="1.232" classname="test.ExtendReportsDemoWithTestNG"/>
  <testcase name="test2" time="0.002" classname="test.ExtendReportsDemoWithTestNG"/>
</testsuite> <!-- test.ExtendReportsDemoWithTestNG -->
